2024-10-11 06:55:54,114 P107049 INFO Data loaded successfully!
2024-10-11 06:55:54,123 P107049 INFO Using GPU...
2024-10-11 06:57:08,909 P107049 INFO Epoch 1/10, training loss: 0.30357 [74.28s]
2024-10-11 06:57:23,518 P107049 INFO Test -- loss: 0.2684, F1: 0.7117, Rec: 0.6026, Pre: 0.8690, My_metric: 0.8785, Avg_top: 5.8785, A@1: 0.9948, A@3: 0.9969
2024-10-11 06:58:41,327 P107049 INFO Epoch 2/10, training loss: 0.25288 [77.78s]
2024-10-11 06:58:56,287 P107049 INFO Test -- loss: 0.2462, F1: 0.7343, Rec: 0.6536, Pre: 0.8378, My_metric: 0.8977, Avg_top: 5.8014, A@1: 0.9965, A@3: 0.9975
2024-10-11 07:00:16,069 P107049 INFO Epoch 3/10, training loss: 0.23836 [79.75s]
2024-10-11 07:00:29,708 P107049 INFO Test -- loss: 0.2489, F1: 0.7018, Rec: 0.5779, Pre: 0.8932, My_metric: 0.8552, Avg_top: 6.1031, A@1: 0.9896, A@3: 0.9928
2024-10-11 07:01:49,631 P107049 INFO Epoch 4/10, training loss: 0.23162 [79.90s]
2024-10-11 07:02:04,074 P107049 INFO Test -- loss: 0.2555, F1: 0.7178, Rec: 0.6154, Pre: 0.8610, My_metric: 0.8774, Avg_top: 6.0197, A@1: 0.9764, A@3: 0.9865
2024-10-11 07:03:20,416 P107049 INFO Epoch 5/10, training loss: 0.22817 [76.32s]
2024-10-11 07:03:36,950 P107049 INFO Test -- loss: 0.2325, F1: 0.7884, Rec: 0.7770, Pre: 0.8001, My_metric: 0.9017, Avg_top: 6.1597, A@1: 0.9805, A@3: 0.9842
2024-10-11 07:04:56,657 P107049 INFO Epoch 6/10, training loss: 0.21804 [79.67s]
2024-10-11 07:05:11,812 P107049 INFO Test -- loss: 0.2208, F1: 0.7621, Rec: 0.6982, Pre: 0.8388, My_metric: 0.8995, Avg_top: 5.9703, A@1: 0.9896, A@3: 0.9911
2024-10-11 07:06:27,873 P107049 INFO Epoch 7/10, training loss: 0.21470 [76.04s]
2024-10-11 07:06:43,292 P107049 INFO Test -- loss: 0.2321, F1: 0.7716, Rec: 0.7204, Pre: 0.8307, My_metric: 0.8942, Avg_top: 6.0660, A@1: 0.9747, A@3: 0.9813
2024-10-11 07:07:59,763 P107049 INFO Epoch 8/10, training loss: 0.20844 [76.45s]
2024-10-11 07:08:16,030 P107049 INFO Test -- loss: 0.2248, F1: 0.7977, Rec: 0.7849, Pre: 0.8110, My_metric: 0.8986, Avg_top: 6.1296, A@1: 0.9707, A@3: 0.9791
2024-10-11 07:09:32,400 P107049 INFO Epoch 9/10, training loss: 0.20750 [76.35s]
2024-10-11 07:09:48,055 P107049 INFO Test -- loss: 0.2228, F1: 0.7830, Rec: 0.7397, Pre: 0.8318, My_metric: 0.8916, Avg_top: 6.1663, A@1: 0.9770, A@3: 0.9792
2024-10-11 07:11:06,092 P107049 INFO Epoch 10/10, training loss: 0.20075 [78.02s]
2024-10-11 07:11:22,256 P107049 INFO Test -- loss: 0.2316, F1: 0.7671, Rec: 0.6914, Pre: 0.8615, My_metric: 0.9082, Avg_top: 5.9079, A@1: 0.9868, A@3: 0.9901
2024-10-11 07:11:22,287 P107049 INFO * Best result got at epoch 10 with Mymetric: 0.9082
2024-10-11 07:11:22,289 P107049 INFO Current hash_id d07fe124
2024-10-11 07:12:35,139 P118126 INFO Data loaded successfully!
2024-10-11 07:12:35,149 P118126 INFO Using GPU...
2024-10-11 07:12:52,152 P118126 INFO Test -- loss: 0.2316, F1: 0.7671, Rec: 0.6914, Pre: 0.8615, My_metric: 0.9082, Avg_top: 5.9079, A@1: 0.9868, A@3: 0.9901
